2025-01-21 22:06:28.771 [info] Started local extension host with pid 2950.
2025-01-21 22:06:29.228 [info] Started initializing default profile extensions in extensions installation folder. file:///home/hafiz/.vscode/extensions
2025-01-21 22:06:30.392 [info] Completed initializing default profile extensions in extensions installation folder. file:///home/hafiz/.vscode/extensions
2025-01-21 22:06:32.504 [info] Settings Sync: Updating due to initialize
2025-01-21 22:06:32.506 [info] Settings Sync: Updating authentication providers. Authentication Providers from store: [{"id":"github","scopes":["user:email"]},{"id":"microsoft","scopes":["openid","profile","email","offline_access"]}]
2025-01-21 22:06:32.506 [info] Settings Sync: Authentication providers updated []
2025-01-21 22:06:33.609 [info] Settings Sync: Updating authentication providers. Authentication Providers from store: [{"id":"github","scopes":["user:email"]},{"id":"microsoft","scopes":["openid","profile","email","offline_access"]}]
2025-01-21 22:06:33.610 [info] Settings Sync: Authentication providers updated ["github"]
2025-01-21 22:06:33.611 [info] Settings Sync: Updating authentication providers. Authentication Providers from store: [{"id":"github","scopes":["user:email"]},{"id":"microsoft","scopes":["openid","profile","email","offline_access"]}]
2025-01-21 22:06:33.614 [info] Settings Sync: Authentication providers updated ["github"]
2025-01-21 22:06:33.615 [info] Settings Sync: Updating authentication providers. Authentication Providers from store: [{"id":"github","scopes":["user:email"]},{"id":"microsoft","scopes":["openid","profile","email","offline_access"]}]
2025-01-21 22:06:33.616 [info] Settings Sync: Authentication providers updated ["github","microsoft"]
2025-01-21 22:06:33.618 [info] Settings Sync: Updating authentication providers. Authentication Providers from store: [{"id":"github","scopes":["user:email"]},{"id":"microsoft","scopes":["openid","profile","email","offline_access"]}]
2025-01-21 22:06:33.619 [info] Settings Sync: Authentication providers updated ["github","microsoft"]
2025-01-21 22:06:33.697 [info] Settings Sync: Updating due to declared authentication providers changed
2025-01-21 22:06:33.698 [info] Settings Sync: Updating authentication providers. Authentication Providers from store: [{"id":"github","scopes":["user:email"]},{"id":"microsoft","scopes":["openid","profile","email","offline_access"]}]
2025-01-21 22:06:33.704 [info] Settings Sync: Authentication providers updated ["github","microsoft"]
2025-01-21 22:06:33.707 [info] Settings Sync: Updating due to declared authentication providers changed
2025-01-21 22:06:33.708 [info] Settings Sync: Updating authentication providers. Authentication Providers from store: [{"id":"github","scopes":["user:email"]},{"id":"microsoft","scopes":["openid","profile","email","offline_access"]}]
2025-01-21 22:06:33.709 [info] Settings Sync: Authentication providers updated ["github","microsoft"]
2025-01-21 22:06:38.699 [info] [perf] Render performance baseline is 96ms
